


ARM Macro Assembler    Page 1 


    1 00000000         ;/******************************************************
                       ********************//**
    2 00000000         ; * @file     startup_LPC17xx.s
    3 00000000         ; * @brief    CMSIS Cortex-M3 Core Device Startup File f
                       or
    4 00000000         ; *           NXP LPC17xx Device Series
    5 00000000         ; * @version  V1.10
    6 00000000         ; * @date     06. April 2011
    7 00000000         ; *
    8 00000000         ; * @note
    9 00000000         ; * Copyright (C) 2009-2011 ARM Limited. All rights rese
                       rved.
   10 00000000         ; *
   11 00000000         ; * @par
   12 00000000         ; * ARM Limited (ARM) is supplying this software for use
                        with Cortex-M
   13 00000000         ; * processor based microcontrollers.  This file can be 
                       freely distributed
   14 00000000         ; * within development tools that are supporting such AR
                       M based processors.
   15 00000000         ; *
   16 00000000         ; * @par
   17 00000000         ; * THIS SOFTWARE IS PROVIDED "AS IS".  NO WARRANTIES, W
                       HETHER EXPRESS, IMPLIED
   18 00000000         ; * OR STATUTORY, INCLUDING, BUT NOT LIMITED TO, IMPLIED
                        WARRANTIES OF
   19 00000000         ; * MERCHANTABILITY AND FITNESS FOR A PARTICULAR PURPOSE
                        APPLY TO THIS SOFTWARE.
   20 00000000         ; * ARM SHALL NOT, IN ANY CIRCUMSTANCES, BE LIABLE FOR S
                       PECIAL, INCIDENTAL, OR
   21 00000000         ; * CONSEQUENTIAL DAMAGES, FOR ANY REASON WHATSOEVER.
   22 00000000         ; *
   23 00000000         ; ******************************************************
                       ************************/
   24 00000000         
   25 00000000         ; *------- <<< Use Configuration Wizard in Context Menu 
                       >>> ------------------
   26 00000000         
   27 00000000         ; <h> Stack Configuration
   28 00000000         ;   <o> Stack Size (in Bytes) <0x0-0xFFFFFFFF:8>
   29 00000000         ; </h>
   30 00000000         
   31 00000000 00000200 
                       Stack_Size
                               EQU              0x00000200
   32 00000000         
   33 00000000                 AREA             STACK, NOINIT, READWRITE, ALIGN
=3
   34 00000000         Stack_Mem
                               SPACE            Stack_Size
   35 00000200         __initial_sp
   36 00000200         
   37 00000200         
   38 00000200         ; <h> Heap Configuration
   39 00000200         ;   <o>  Heap Size (in Bytes) <0x0-0xFFFFFFFF:8>
   40 00000200         ; </h>
   41 00000200         
   42 00000200 00000000 
                       Heap_Size



ARM Macro Assembler    Page 2 


                               EQU              0x00000000
   43 00000200         
   44 00000200                 AREA             HEAP, NOINIT, READWRITE, ALIGN=
3
   45 00000000         __heap_base
   46 00000000         Heap_Mem
                               SPACE            Heap_Size
   47 00000000         __heap_limit
   48 00000000         
   49 00000000         
   50 00000000                 PRESERVE8
   51 00000000                 THUMB
   52 00000000         
   53 00000000         
   54 00000000         ; Vector Table Mapped to Address 0 at Reset
   55 00000000         
   56 00000000                 AREA             RESET, DATA, READONLY
   57 00000000                 EXPORT           __Vectors
   58 00000000         
   59 00000000 00000000 
                       __Vectors
                               DCD              __initial_sp ; Top of Stack
   60 00000004 00000000        DCD              Reset_Handler ; Reset Handler
   61 00000008 00000000        DCD              NMI_Handler ; NMI Handler
   62 0000000C 00000000        DCD              HardFault_Handler ; Hard Fault 
                                                            Handler
   63 00000010 00000000        DCD              MemManage_Handler 
                                                            ; MPU Fault Handler
                                                            
   64 00000014 00000000        DCD              BusFault_Handler 
                                                            ; Bus Fault Handler
                                                            
   65 00000018 00000000        DCD              UsageFault_Handler ; Usage Faul
                                                            t Handler
   66 0000001C 00000000        DCD              0           ; Reserved
   67 00000020 00000000        DCD              0           ; Reserved
   68 00000024 00000000        DCD              0           ; Reserved
   69 00000028 00000000        DCD              0           ; Reserved
   70 0000002C 00000000        DCD              SVC_Handler ; SVCall Handler
   71 00000030 00000000        DCD              DebugMon_Handler ; Debug Monito
                                                            r Handler
   72 00000034 00000000        DCD              0           ; Reserved
   73 00000038 00000000        DCD              PendSV_Handler ; PendSV Handler
                                                            
   74 0000003C 00000000        DCD              SysTick_Handler 
                                                            ; SysTick Handler
   75 00000040         
   76 00000040         ; External Interrupts
   77 00000040 00000000        DCD              WDT_IRQHandler ; 16: Watchdog T
                                                            imer
   78 00000044 00000000        DCD              TIMER0_IRQHandler ; 17: Timer0
   79 00000048 00000000        DCD              TIMER1_IRQHandler ; 18: Timer1
   80 0000004C 00000000        DCD              TIMER2_IRQHandler ; 19: Timer2
   81 00000050 00000000        DCD              TIMER3_IRQHandler ; 20: Timer3
   82 00000054 00000000        DCD              UART0_IRQHandler ; 21: UART0
   83 00000058 00000000        DCD              UART1_IRQHandler ; 22: UART1
   84 0000005C 00000000        DCD              UART2_IRQHandler ; 23: UART2
   85 00000060 00000000        DCD              UART3_IRQHandler ; 24: UART3
   86 00000064 00000000        DCD              PWM1_IRQHandler ; 25: PWM1



ARM Macro Assembler    Page 3 


   87 00000068 00000000        DCD              I2C0_IRQHandler ; 26: I2C0
   88 0000006C 00000000        DCD              I2C1_IRQHandler ; 27: I2C1
   89 00000070 00000000        DCD              I2C2_IRQHandler ; 28: I2C2
   90 00000074 00000000        DCD              SPI_IRQHandler ; 29: SPI
   91 00000078 00000000        DCD              SSP0_IRQHandler ; 30: SSP0
   92 0000007C 00000000        DCD              SSP1_IRQHandler ; 31: SSP1
   93 00000080 00000000        DCD              PLL0_IRQHandler ; 32: PLL0 Lock
                                                             (Main PLL)
   94 00000084 00000000        DCD              RTC_IRQHandler ; 33: Real Time 
                                                            Clock
   95 00000088 00000000        DCD              EINT0_IRQHandler ; 34: External
                                                             Interrupt 0
   96 0000008C 00000000        DCD              EINT1_IRQHandler ; 35: External
                                                             Interrupt 1
   97 00000090 00000000        DCD              EINT2_IRQHandler ; 36: External
                                                             Interrupt 2
   98 00000094 00000000        DCD              EINT3_IRQHandler ; 37: External
                                                             Interrupt 3
   99 00000098 00000000        DCD              ADC_IRQHandler 
                                                            ; 38: A/D Converter
                                                            
  100 0000009C 00000000        DCD              BOD_IRQHandler ; 39: Brown-Out 
                                                            Detect
  101 000000A0 00000000        DCD              USB_IRQHandler ; 40: USB
  102 000000A4 00000000        DCD              CAN_IRQHandler ; 41: CAN
  103 000000A8 00000000        DCD              DMA_IRQHandler ; 42: General Pu
                                                            rpose DMA
  104 000000AC 00000000        DCD              I2S_IRQHandler ; 43: I2S
  105 000000B0 00000000        DCD              ENET_IRQHandler ; 44: Ethernet
  106 000000B4 00000000        DCD              RIT_IRQHandler ; 45: Repetitive
                                                             Interrupt Timer
  107 000000B8 00000000        DCD              MCPWM_IRQHandler ; 46: Motor Co
                                                            ntrol PWM
  108 000000BC 00000000        DCD              QEI_IRQHandler ; 47: Quadrature
                                                             Encoder Interface
  109 000000C0 00000000        DCD              PLL1_IRQHandler ; 48: PLL1 Lock
                                                             (USB PLL)
  110 000000C4 00000000        DCD              USBActivity_IRQHandler ; 49: US
                                                            B Activity interrup
                                                            t to wakeup
  111 000000C8 00000000        DCD              CANActivity_IRQHandler ; 50: CA
                                                            N Activity interrup
                                                            t to wakeup
  112 000000CC         
  113 000000CC         
  114 000000CC                 IF               :LNOT::DEF:NO_CRP
  115 000000CC                 AREA             |.ARM.__at_0x02FC|, CODE, READO
NLY
  116 00000000 FFFFFFFF 
                       CRP_Key DCD              0xFFFFFFFF
  117 00000004                 ENDIF
  118 00000004         
  119 00000004                 AREA             PARAM , DATA , READONLY
  120 00000000 00000002 
                       X       DCD              2_010
  121 00000004 000000A4 
                       Y       DCD              2_10100100
  122 00000008 00000002 
                       N       DCD              2



ARM Macro Assembler    Page 4 


  123 0000000C 00000005 
                       M       DCD              5
  124 00000010                 AREA             |.text|, CODE, READONLY
  125 00000000         
  126 00000000         
  127 00000000         ; Reset Handler
  128 00000000         
  129 00000000         Reset_Handler
                               PROC
  130 00000000                 EXPORT           Reset_Handler             [WEAK
]
  131 00000000 F85F 0004       LDR              R0,X
  132 00000004 F85F 1004       LDR              R1,Y
  133 00000008 F85F 2004       LDR              R2,N
  134 0000000C F85F 3004       LDR              R3,M
  135 00000010        4 
                       P       RN               4
  136 00000010 F7FF FFFE       BL               COMPUTEG
  137 00000014 E7FE    STOP    B                STOP
  138 00000016                 ENDP
  139 00000016         COMPUTEG
                               PROC
  140 00000016 E92D 4FF0       PUSH{R4-R11,LR}
  141 0000001A F04F 0A01       LDR              R10,=1
  142 0000001E FA20 F00A       LSR              R0,R10      ; SHIFTING X BY 1 P
                                                            OSITION
  143 00000022 EBA2 020A       SUB              R2,R2,R10   ; N'=1
  144 00000026 FB00 F500       MUL              R5,R0,R0    ;R5=X^2
  145 0000002A         
  146 0000002A EB02 0402       ADD              P,R2,R2
  147 0000002E F04F 0A02       LDR              R10,=2
  148 00000032 FA21 F10A       LSR              R1,R10      ;SHIFTING RIGHT Y B
                                                            Y 2 POSITIONS
  149 00000036 EBA3 030A       SUB              R3,R3,R10   ;M'=3
  150 0000003A FB01 F505       MUL              R5,R1,R5    ;Y*X^2
  151 0000003E EB04 0603       ADD              R6,P,R3     ;R6=Q=P+M'
  152 00000042 F04F 0760       LDR              R7,=2_1100000
  153 00000046 EBA7 0805       SUB              R8,R7,R5    ;3-Y*X^2
  154 0000004A FB00 F908       MUL              R9,R0,R8    ;X(3-Y*X^2)
  155 0000004E         
  156 0000004E EA4F 0959       LSR              R9,R9,#1    ;X(3-Y*X^2)/2
  157 00000052 EB06 0A02       ADD              R10,R6,R2   ;R=Q+N'
  158 00000056 EA4F 0959       LSR              R9,R9,#1
  159 0000005A         
  160 0000005A         
  161 0000005A         
  162 0000005A E8BD 8FF0       POP{R4-R11,PC}
  163 0000005E                 ENDP
  164 0000005E         
  165 0000005E         ; Dummy Exception Handlers (infinite loops which can be 
                       modified)
  166 0000005E         
  167 0000005E         NMI_Handler
                               PROC
  168 0000005E                 EXPORT           NMI_Handler               [WEAK
]
  169 0000005E E7FE            B                .
  170 00000060                 ENDP
  172 00000060         HardFault_Handler



ARM Macro Assembler    Page 5 


                               PROC
  173 00000060                 EXPORT           HardFault_Handler         [WEAK
]
  174 00000060 E7FE            B                .
  175 00000062                 ENDP
  177 00000062         MemManage_Handler
                               PROC
  178 00000062                 EXPORT           MemManage_Handler         [WEAK
]
  179 00000062 E7FE            B                .
  180 00000064                 ENDP
  182 00000064         BusFault_Handler
                               PROC
  183 00000064                 EXPORT           BusFault_Handler          [WEAK
]
  184 00000064 E7FE            B                .
  185 00000066                 ENDP
  187 00000066         UsageFault_Handler
                               PROC
  188 00000066                 EXPORT           UsageFault_Handler        [WEAK
]
  189 00000066 E7FE            B                .
  190 00000068                 ENDP
  191 00000068         SVC_Handler
                               PROC
  192 00000068                 EXPORT           SVC_Handler               [WEAK
]
  193 00000068 E7FE            B                .
  194 0000006A                 ENDP
  196 0000006A         DebugMon_Handler
                               PROC
  197 0000006A                 EXPORT           DebugMon_Handler          [WEAK
]
  198 0000006A E7FE            B                .
  199 0000006C                 ENDP
  200 0000006C         PendSV_Handler
                               PROC
  201 0000006C                 EXPORT           PendSV_Handler            [WEAK
]
  202 0000006C E7FE            B                .
  203 0000006E                 ENDP
  204 0000006E         SysTick_Handler
                               PROC
  205 0000006E                 EXPORT           SysTick_Handler           [WEAK
]
  206 0000006E E7FE            B                .
  207 00000070                 ENDP
  208 00000070         
  209 00000070         Default_Handler
                               PROC
  210 00000070         
  211 00000070                 EXPORT           WDT_IRQHandler            [WEAK
]
  212 00000070                 EXPORT           TIMER0_IRQHandler         [WEAK
]
  213 00000070                 EXPORT           TIMER1_IRQHandler         [WEAK
]
  214 00000070                 EXPORT           TIMER2_IRQHandler         [WEAK
]



ARM Macro Assembler    Page 6 


  215 00000070                 EXPORT           TIMER3_IRQHandler         [WEAK
]
  216 00000070                 EXPORT           UART0_IRQHandler          [WEAK
]
  217 00000070                 EXPORT           UART1_IRQHandler          [WEAK
]
  218 00000070                 EXPORT           UART2_IRQHandler          [WEAK
]
  219 00000070                 EXPORT           UART3_IRQHandler          [WEAK
]
  220 00000070                 EXPORT           PWM1_IRQHandler           [WEAK
]
  221 00000070                 EXPORT           I2C0_IRQHandler           [WEAK
]
  222 00000070                 EXPORT           I2C1_IRQHandler           [WEAK
]
  223 00000070                 EXPORT           I2C2_IRQHandler           [WEAK
]
  224 00000070                 EXPORT           SPI_IRQHandler            [WEAK
]
  225 00000070                 EXPORT           SSP0_IRQHandler           [WEAK
]
  226 00000070                 EXPORT           SSP1_IRQHandler           [WEAK
]
  227 00000070                 EXPORT           PLL0_IRQHandler           [WEAK
]
  228 00000070                 EXPORT           RTC_IRQHandler            [WEAK
]
  229 00000070                 EXPORT           EINT0_IRQHandler          [WEAK
]
  230 00000070                 EXPORT           EINT1_IRQHandler          [WEAK
]
  231 00000070                 EXPORT           EINT2_IRQHandler          [WEAK
]
  232 00000070                 EXPORT           EINT3_IRQHandler          [WEAK
]
  233 00000070                 EXPORT           ADC_IRQHandler            [WEAK
]
  234 00000070                 EXPORT           BOD_IRQHandler            [WEAK
]
  235 00000070                 EXPORT           USB_IRQHandler            [WEAK
]
  236 00000070                 EXPORT           CAN_IRQHandler            [WEAK
]
  237 00000070                 EXPORT           DMA_IRQHandler            [WEAK
]
  238 00000070                 EXPORT           I2S_IRQHandler            [WEAK
]
  239 00000070                 EXPORT           ENET_IRQHandler           [WEAK
]
  240 00000070                 EXPORT           RIT_IRQHandler            [WEAK
]
  241 00000070                 EXPORT           MCPWM_IRQHandler          [WEAK
]
  242 00000070                 EXPORT           QEI_IRQHandler            [WEAK
]
  243 00000070                 EXPORT           PLL1_IRQHandler           [WEAK
]
  244 00000070                 EXPORT           USBActivity_IRQHandler    [WEAK



ARM Macro Assembler    Page 7 


]
  245 00000070                 EXPORT           CANActivity_IRQHandler    [WEAK
]
  246 00000070         
  247 00000070         WDT_IRQHandler
  248 00000070         TIMER0_IRQHandler
  249 00000070         TIMER1_IRQHandler
  250 00000070         TIMER2_IRQHandler
  251 00000070         TIMER3_IRQHandler
  252 00000070         UART0_IRQHandler
  253 00000070         UART1_IRQHandler
  254 00000070         UART2_IRQHandler
  255 00000070         UART3_IRQHandler
  256 00000070         PWM1_IRQHandler
  257 00000070         I2C0_IRQHandler
  258 00000070         I2C1_IRQHandler
  259 00000070         I2C2_IRQHandler
  260 00000070         SPI_IRQHandler
  261 00000070         SSP0_IRQHandler
  262 00000070         SSP1_IRQHandler
  263 00000070         PLL0_IRQHandler
  264 00000070         RTC_IRQHandler
  265 00000070         EINT0_IRQHandler
  266 00000070         EINT1_IRQHandler
  267 00000070         EINT2_IRQHandler
  268 00000070         EINT3_IRQHandler
  269 00000070         ADC_IRQHandler
  270 00000070         BOD_IRQHandler
  271 00000070         USB_IRQHandler
  272 00000070         CAN_IRQHandler
  273 00000070         DMA_IRQHandler
  274 00000070         I2S_IRQHandler
  275 00000070         ENET_IRQHandler
  276 00000070         RIT_IRQHandler
  277 00000070         MCPWM_IRQHandler
  278 00000070         QEI_IRQHandler
  279 00000070         PLL1_IRQHandler
  280 00000070         USBActivity_IRQHandler
  281 00000070         CANActivity_IRQHandler
  282 00000070         
  283 00000070 E7FE            B                .
  284 00000072         
  285 00000072                 ENDP
  286 00000072         
  287 00000072         
  288 00000072 00 00           ALIGN
  289 00000074         
  290 00000074         
  291 00000074         ; User Initial Stack & Heap
  292 00000074         
  293 00000074                 IF               :DEF:__MICROLIB
  300 00000074         
  301 00000074                 IMPORT           __use_two_region_memory
  302 00000074                 EXPORT           __user_initial_stackheap
  303 00000074         __user_initial_stackheap
  304 00000074         
  305 00000074 4802            LDR              R0, =  Heap_Mem
  306 00000076 4903            LDR              R1, =(Stack_Mem + Stack_Size)
  307 00000078 4A01            LDR              R2, = (Heap_Mem +  Heap_Size)



ARM Macro Assembler    Page 8 


  308 0000007A 4B03            LDR              R3, = Stack_Mem
  309 0000007C 4770            BX               LR
  310 0000007E         
  311 0000007E 00 00           ALIGN
  312 00000080         
  313 00000080                 ENDIF
  314 00000080         
  315 00000080         
  316 00000080                 END
              00000000 
              00000200 
              00000000 
Command Line: --debug --xref --diag_suppress=9931 --cpu=Cortex-M3 --apcs=interw
ork --depend=.\objects\startup_lpc17xx.d -o.\objects\startup_lpc17xx.o -I.\RTE\
Device\LPC1768 -I.\RTE\_Target_1 -IC:\Users\zaroon\AppData\Local\Arm\Packs\ARM\
CMSIS\5.7.0\CMSIS\Core\Include -IC:\Users\zaroon\AppData\Local\Arm\Packs\Keil\L
PC1700_DFP\2.6.0\Device\Include --predefine="__EVAL SETA 1" --predefine="__UVIS
ION_VERSION SETA 527" --predefine="_RTE_ SETA 1" --predefine="LPC175x_6x SETA 1
" --list=.\listings\startup_lpc17xx.lst RTE\Device\LPC1768\startup_LPC17xx.s



ARM Macro Assembler    Page 1 Alphabetic symbol ordering
Relocatable symbols

STACK 00000000

Symbol: STACK
   Definitions
      At line 33 in file RTE\Device\LPC1768\startup_LPC17xx.s
   Uses
      None
Comment: STACK unused
Stack_Mem 00000000

Symbol: Stack_Mem
   Definitions
      At line 34 in file RTE\Device\LPC1768\startup_LPC17xx.s
   Uses
      At line 306 in file RTE\Device\LPC1768\startup_LPC17xx.s
      At line 308 in file RTE\Device\LPC1768\startup_LPC17xx.s

__initial_sp 00000200

Symbol: __initial_sp
   Definitions
      At line 35 in file RTE\Device\LPC1768\startup_LPC17xx.s
   Uses
      At line 59 in file RTE\Device\LPC1768\startup_LPC17xx.s
Comment: __initial_sp used once
3 symbols



ARM Macro Assembler    Page 1 Alphabetic symbol ordering
Relocatable symbols

HEAP 00000000

Symbol: HEAP
   Definitions
      At line 44 in file RTE\Device\LPC1768\startup_LPC17xx.s
   Uses
      None
Comment: HEAP unused
Heap_Mem 00000000

Symbol: Heap_Mem
   Definitions
      At line 46 in file RTE\Device\LPC1768\startup_LPC17xx.s
   Uses
      At line 305 in file RTE\Device\LPC1768\startup_LPC17xx.s
      At line 307 in file RTE\Device\LPC1768\startup_LPC17xx.s

__heap_base 00000000

Symbol: __heap_base
   Definitions
      At line 45 in file RTE\Device\LPC1768\startup_LPC17xx.s
   Uses
      None
Comment: __heap_base unused
__heap_limit 00000000

Symbol: __heap_limit
   Definitions
      At line 47 in file RTE\Device\LPC1768\startup_LPC17xx.s
   Uses
      None
Comment: __heap_limit unused
4 symbols



ARM Macro Assembler    Page 1 Alphabetic symbol ordering
Relocatable symbols

RESET 00000000

Symbol: RESET
   Definitions
      At line 56 in file RTE\Device\LPC1768\startup_LPC17xx.s
   Uses
      None
Comment: RESET unused
__Vectors 00000000

Symbol: __Vectors
   Definitions
      At line 59 in file RTE\Device\LPC1768\startup_LPC17xx.s
   Uses
      At line 57 in file RTE\Device\LPC1768\startup_LPC17xx.s
Comment: __Vectors used once
2 symbols



ARM Macro Assembler    Page 1 Alphabetic symbol ordering
Relocatable symbols

.ARM.__at_0x02FC 00000000

Symbol: .ARM.__at_0x02FC
   Definitions
      At line 115 in file RTE\Device\LPC1768\startup_LPC17xx.s
   Uses
      None
Comment: .ARM.__at_0x02FC unused
CRP_Key 00000000

Symbol: CRP_Key
   Definitions
      At line 116 in file RTE\Device\LPC1768\startup_LPC17xx.s
   Uses
      None
Comment: CRP_Key unused
2 symbols



ARM Macro Assembler    Page 1 Alphabetic symbol ordering
Relocatable symbols

M 0000000C

Symbol: M
   Definitions
      At line 123 in file RTE\Device\LPC1768\startup_LPC17xx.s
   Uses
      At line 134 in file RTE\Device\LPC1768\startup_LPC17xx.s
Comment: M used once
N 00000008

Symbol: N
   Definitions
      At line 122 in file RTE\Device\LPC1768\startup_LPC17xx.s
   Uses
      At line 133 in file RTE\Device\LPC1768\startup_LPC17xx.s
Comment: N used once
PARAM 00000000

Symbol: PARAM
   Definitions
      At line 119 in file RTE\Device\LPC1768\startup_LPC17xx.s
   Uses
      None
Comment: PARAM unused
X 00000000

Symbol: X
   Definitions
      At line 120 in file RTE\Device\LPC1768\startup_LPC17xx.s
   Uses
      At line 131 in file RTE\Device\LPC1768\startup_LPC17xx.s
Comment: X used once
Y 00000004

Symbol: Y
   Definitions
      At line 121 in file RTE\Device\LPC1768\startup_LPC17xx.s
   Uses
      At line 132 in file RTE\Device\LPC1768\startup_LPC17xx.s
Comment: Y used once
5 symbols



ARM Macro Assembler    Page 1 Alphabetic symbol ordering
Relocatable symbols

.text 00000000

Symbol: .text
   Definitions
      At line 124 in file RTE\Device\LPC1768\startup_LPC17xx.s
   Uses
      None
Comment: .text unused
ADC_IRQHandler 00000070

Symbol: ADC_IRQHandler
   Definitions
      At line 269 in file RTE\Device\LPC1768\startup_LPC17xx.s
   Uses
      At line 99 in file RTE\Device\LPC1768\startup_LPC17xx.s
      At line 233 in file RTE\Device\LPC1768\startup_LPC17xx.s

BOD_IRQHandler 00000070

Symbol: BOD_IRQHandler
   Definitions
      At line 270 in file RTE\Device\LPC1768\startup_LPC17xx.s
   Uses
      At line 100 in file RTE\Device\LPC1768\startup_LPC17xx.s
      At line 234 in file RTE\Device\LPC1768\startup_LPC17xx.s

BusFault_Handler 00000064

Symbol: BusFault_Handler
   Definitions
      At line 182 in file RTE\Device\LPC1768\startup_LPC17xx.s
   Uses
      At line 64 in file RTE\Device\LPC1768\startup_LPC17xx.s
      At line 183 in file RTE\Device\LPC1768\startup_LPC17xx.s

CANActivity_IRQHandler 00000070

Symbol: CANActivity_IRQHandler
   Definitions
      At line 281 in file RTE\Device\LPC1768\startup_LPC17xx.s
   Uses
      At line 111 in file RTE\Device\LPC1768\startup_LPC17xx.s
      At line 245 in file RTE\Device\LPC1768\startup_LPC17xx.s

CAN_IRQHandler 00000070

Symbol: CAN_IRQHandler
   Definitions
      At line 272 in file RTE\Device\LPC1768\startup_LPC17xx.s
   Uses
      At line 102 in file RTE\Device\LPC1768\startup_LPC17xx.s
      At line 236 in file RTE\Device\LPC1768\startup_LPC17xx.s

COMPUTEG 00000016

Symbol: COMPUTEG
   Definitions
      At line 139 in file RTE\Device\LPC1768\startup_LPC17xx.s
   Uses



ARM Macro Assembler    Page 2 Alphabetic symbol ordering
Relocatable symbols

      At line 136 in file RTE\Device\LPC1768\startup_LPC17xx.s
Comment: COMPUTEG used once
DMA_IRQHandler 00000070

Symbol: DMA_IRQHandler
   Definitions
      At line 273 in file RTE\Device\LPC1768\startup_LPC17xx.s
   Uses
      At line 103 in file RTE\Device\LPC1768\startup_LPC17xx.s
      At line 237 in file RTE\Device\LPC1768\startup_LPC17xx.s

DebugMon_Handler 0000006A

Symbol: DebugMon_Handler
   Definitions
      At line 196 in file RTE\Device\LPC1768\startup_LPC17xx.s
   Uses
      At line 71 in file RTE\Device\LPC1768\startup_LPC17xx.s
      At line 197 in file RTE\Device\LPC1768\startup_LPC17xx.s

Default_Handler 00000070

Symbol: Default_Handler
   Definitions
      At line 209 in file RTE\Device\LPC1768\startup_LPC17xx.s
   Uses
      None
Comment: Default_Handler unused
EINT0_IRQHandler 00000070

Symbol: EINT0_IRQHandler
   Definitions
      At line 265 in file RTE\Device\LPC1768\startup_LPC17xx.s
   Uses
      At line 95 in file RTE\Device\LPC1768\startup_LPC17xx.s
      At line 229 in file RTE\Device\LPC1768\startup_LPC17xx.s

EINT1_IRQHandler 00000070

Symbol: EINT1_IRQHandler
   Definitions
      At line 266 in file RTE\Device\LPC1768\startup_LPC17xx.s
   Uses
      At line 96 in file RTE\Device\LPC1768\startup_LPC17xx.s
      At line 230 in file RTE\Device\LPC1768\startup_LPC17xx.s

EINT2_IRQHandler 00000070

Symbol: EINT2_IRQHandler
   Definitions
      At line 267 in file RTE\Device\LPC1768\startup_LPC17xx.s
   Uses
      At line 97 in file RTE\Device\LPC1768\startup_LPC17xx.s
      At line 231 in file RTE\Device\LPC1768\startup_LPC17xx.s

EINT3_IRQHandler 00000070

Symbol: EINT3_IRQHandler
   Definitions



ARM Macro Assembler    Page 3 Alphabetic symbol ordering
Relocatable symbols

      At line 268 in file RTE\Device\LPC1768\startup_LPC17xx.s
   Uses
      At line 98 in file RTE\Device\LPC1768\startup_LPC17xx.s
      At line 232 in file RTE\Device\LPC1768\startup_LPC17xx.s

ENET_IRQHandler 00000070

Symbol: ENET_IRQHandler
   Definitions
      At line 275 in file RTE\Device\LPC1768\startup_LPC17xx.s
   Uses
      At line 105 in file RTE\Device\LPC1768\startup_LPC17xx.s
      At line 239 in file RTE\Device\LPC1768\startup_LPC17xx.s

HardFault_Handler 00000060

Symbol: HardFault_Handler
   Definitions
      At line 172 in file RTE\Device\LPC1768\startup_LPC17xx.s
   Uses
      At line 62 in file RTE\Device\LPC1768\startup_LPC17xx.s
      At line 173 in file RTE\Device\LPC1768\startup_LPC17xx.s

I2C0_IRQHandler 00000070

Symbol: I2C0_IRQHandler
   Definitions
      At line 257 in file RTE\Device\LPC1768\startup_LPC17xx.s
   Uses
      At line 87 in file RTE\Device\LPC1768\startup_LPC17xx.s
      At line 221 in file RTE\Device\LPC1768\startup_LPC17xx.s

I2C1_IRQHandler 00000070

Symbol: I2C1_IRQHandler
   Definitions
      At line 258 in file RTE\Device\LPC1768\startup_LPC17xx.s
   Uses
      At line 88 in file RTE\Device\LPC1768\startup_LPC17xx.s
      At line 222 in file RTE\Device\LPC1768\startup_LPC17xx.s

I2C2_IRQHandler 00000070

Symbol: I2C2_IRQHandler
   Definitions
      At line 259 in file RTE\Device\LPC1768\startup_LPC17xx.s
   Uses
      At line 89 in file RTE\Device\LPC1768\startup_LPC17xx.s
      At line 223 in file RTE\Device\LPC1768\startup_LPC17xx.s

I2S_IRQHandler 00000070

Symbol: I2S_IRQHandler
   Definitions
      At line 274 in file RTE\Device\LPC1768\startup_LPC17xx.s
   Uses
      At line 104 in file RTE\Device\LPC1768\startup_LPC17xx.s
      At line 238 in file RTE\Device\LPC1768\startup_LPC17xx.s




ARM Macro Assembler    Page 4 Alphabetic symbol ordering
Relocatable symbols

MCPWM_IRQHandler 00000070

Symbol: MCPWM_IRQHandler
   Definitions
      At line 277 in file RTE\Device\LPC1768\startup_LPC17xx.s
   Uses
      At line 107 in file RTE\Device\LPC1768\startup_LPC17xx.s
      At line 241 in file RTE\Device\LPC1768\startup_LPC17xx.s

MemManage_Handler 00000062

Symbol: MemManage_Handler
   Definitions
      At line 177 in file RTE\Device\LPC1768\startup_LPC17xx.s
   Uses
      At line 63 in file RTE\Device\LPC1768\startup_LPC17xx.s
      At line 178 in file RTE\Device\LPC1768\startup_LPC17xx.s

NMI_Handler 0000005E

Symbol: NMI_Handler
   Definitions
      At line 167 in file RTE\Device\LPC1768\startup_LPC17xx.s
   Uses
      At line 61 in file RTE\Device\LPC1768\startup_LPC17xx.s
      At line 168 in file RTE\Device\LPC1768\startup_LPC17xx.s

PLL0_IRQHandler 00000070

Symbol: PLL0_IRQHandler
   Definitions
      At line 263 in file RTE\Device\LPC1768\startup_LPC17xx.s
   Uses
      At line 93 in file RTE\Device\LPC1768\startup_LPC17xx.s
      At line 227 in file RTE\Device\LPC1768\startup_LPC17xx.s

PLL1_IRQHandler 00000070

Symbol: PLL1_IRQHandler
   Definitions
      At line 279 in file RTE\Device\LPC1768\startup_LPC17xx.s
   Uses
      At line 109 in file RTE\Device\LPC1768\startup_LPC17xx.s
      At line 243 in file RTE\Device\LPC1768\startup_LPC17xx.s

PWM1_IRQHandler 00000070

Symbol: PWM1_IRQHandler
   Definitions
      At line 256 in file RTE\Device\LPC1768\startup_LPC17xx.s
   Uses
      At line 86 in file RTE\Device\LPC1768\startup_LPC17xx.s
      At line 220 in file RTE\Device\LPC1768\startup_LPC17xx.s

PendSV_Handler 0000006C

Symbol: PendSV_Handler
   Definitions
      At line 200 in file RTE\Device\LPC1768\startup_LPC17xx.s



ARM Macro Assembler    Page 5 Alphabetic symbol ordering
Relocatable symbols

   Uses
      At line 73 in file RTE\Device\LPC1768\startup_LPC17xx.s
      At line 201 in file RTE\Device\LPC1768\startup_LPC17xx.s

QEI_IRQHandler 00000070

Symbol: QEI_IRQHandler
   Definitions
      At line 278 in file RTE\Device\LPC1768\startup_LPC17xx.s
   Uses
      At line 108 in file RTE\Device\LPC1768\startup_LPC17xx.s
      At line 242 in file RTE\Device\LPC1768\startup_LPC17xx.s

RIT_IRQHandler 00000070

Symbol: RIT_IRQHandler
   Definitions
      At line 276 in file RTE\Device\LPC1768\startup_LPC17xx.s
   Uses
      At line 106 in file RTE\Device\LPC1768\startup_LPC17xx.s
      At line 240 in file RTE\Device\LPC1768\startup_LPC17xx.s

RTC_IRQHandler 00000070

Symbol: RTC_IRQHandler
   Definitions
      At line 264 in file RTE\Device\LPC1768\startup_LPC17xx.s
   Uses
      At line 94 in file RTE\Device\LPC1768\startup_LPC17xx.s
      At line 228 in file RTE\Device\LPC1768\startup_LPC17xx.s

Reset_Handler 00000000

Symbol: Reset_Handler
   Definitions
      At line 129 in file RTE\Device\LPC1768\startup_LPC17xx.s
   Uses
      At line 60 in file RTE\Device\LPC1768\startup_LPC17xx.s
      At line 130 in file RTE\Device\LPC1768\startup_LPC17xx.s

SPI_IRQHandler 00000070

Symbol: SPI_IRQHandler
   Definitions
      At line 260 in file RTE\Device\LPC1768\startup_LPC17xx.s
   Uses
      At line 90 in file RTE\Device\LPC1768\startup_LPC17xx.s
      At line 224 in file RTE\Device\LPC1768\startup_LPC17xx.s

SSP0_IRQHandler 00000070

Symbol: SSP0_IRQHandler
   Definitions
      At line 261 in file RTE\Device\LPC1768\startup_LPC17xx.s
   Uses
      At line 91 in file RTE\Device\LPC1768\startup_LPC17xx.s
      At line 225 in file RTE\Device\LPC1768\startup_LPC17xx.s

SSP1_IRQHandler 00000070



ARM Macro Assembler    Page 6 Alphabetic symbol ordering
Relocatable symbols


Symbol: SSP1_IRQHandler
   Definitions
      At line 262 in file RTE\Device\LPC1768\startup_LPC17xx.s
   Uses
      At line 92 in file RTE\Device\LPC1768\startup_LPC17xx.s
      At line 226 in file RTE\Device\LPC1768\startup_LPC17xx.s

STOP 00000014

Symbol: STOP
   Definitions
      At line 137 in file RTE\Device\LPC1768\startup_LPC17xx.s
   Uses
      At line 137 in file RTE\Device\LPC1768\startup_LPC17xx.s
Comment: STOP used once
SVC_Handler 00000068

Symbol: SVC_Handler
   Definitions
      At line 191 in file RTE\Device\LPC1768\startup_LPC17xx.s
   Uses
      At line 70 in file RTE\Device\LPC1768\startup_LPC17xx.s
      At line 192 in file RTE\Device\LPC1768\startup_LPC17xx.s

SysTick_Handler 0000006E

Symbol: SysTick_Handler
   Definitions
      At line 204 in file RTE\Device\LPC1768\startup_LPC17xx.s
   Uses
      At line 74 in file RTE\Device\LPC1768\startup_LPC17xx.s
      At line 205 in file RTE\Device\LPC1768\startup_LPC17xx.s

TIMER0_IRQHandler 00000070

Symbol: TIMER0_IRQHandler
   Definitions
      At line 248 in file RTE\Device\LPC1768\startup_LPC17xx.s
   Uses
      At line 78 in file RTE\Device\LPC1768\startup_LPC17xx.s
      At line 212 in file RTE\Device\LPC1768\startup_LPC17xx.s

TIMER1_IRQHandler 00000070

Symbol: TIMER1_IRQHandler
   Definitions
      At line 249 in file RTE\Device\LPC1768\startup_LPC17xx.s
   Uses
      At line 79 in file RTE\Device\LPC1768\startup_LPC17xx.s
      At line 213 in file RTE\Device\LPC1768\startup_LPC17xx.s

TIMER2_IRQHandler 00000070

Symbol: TIMER2_IRQHandler
   Definitions
      At line 250 in file RTE\Device\LPC1768\startup_LPC17xx.s
   Uses
      At line 80 in file RTE\Device\LPC1768\startup_LPC17xx.s



ARM Macro Assembler    Page 7 Alphabetic symbol ordering
Relocatable symbols

      At line 214 in file RTE\Device\LPC1768\startup_LPC17xx.s

TIMER3_IRQHandler 00000070

Symbol: TIMER3_IRQHandler
   Definitions
      At line 251 in file RTE\Device\LPC1768\startup_LPC17xx.s
   Uses
      At line 81 in file RTE\Device\LPC1768\startup_LPC17xx.s
      At line 215 in file RTE\Device\LPC1768\startup_LPC17xx.s

UART0_IRQHandler 00000070

Symbol: UART0_IRQHandler
   Definitions
      At line 252 in file RTE\Device\LPC1768\startup_LPC17xx.s
   Uses
      At line 82 in file RTE\Device\LPC1768\startup_LPC17xx.s
      At line 216 in file RTE\Device\LPC1768\startup_LPC17xx.s

UART1_IRQHandler 00000070

Symbol: UART1_IRQHandler
   Definitions
      At line 253 in file RTE\Device\LPC1768\startup_LPC17xx.s
   Uses
      At line 83 in file RTE\Device\LPC1768\startup_LPC17xx.s
      At line 217 in file RTE\Device\LPC1768\startup_LPC17xx.s

UART2_IRQHandler 00000070

Symbol: UART2_IRQHandler
   Definitions
      At line 254 in file RTE\Device\LPC1768\startup_LPC17xx.s
   Uses
      At line 84 in file RTE\Device\LPC1768\startup_LPC17xx.s
      At line 218 in file RTE\Device\LPC1768\startup_LPC17xx.s

UART3_IRQHandler 00000070

Symbol: UART3_IRQHandler
   Definitions
      At line 255 in file RTE\Device\LPC1768\startup_LPC17xx.s
   Uses
      At line 85 in file RTE\Device\LPC1768\startup_LPC17xx.s
      At line 219 in file RTE\Device\LPC1768\startup_LPC17xx.s

USBActivity_IRQHandler 00000070

Symbol: USBActivity_IRQHandler
   Definitions
      At line 280 in file RTE\Device\LPC1768\startup_LPC17xx.s
   Uses
      At line 110 in file RTE\Device\LPC1768\startup_LPC17xx.s
      At line 244 in file RTE\Device\LPC1768\startup_LPC17xx.s

USB_IRQHandler 00000070

Symbol: USB_IRQHandler



ARM Macro Assembler    Page 8 Alphabetic symbol ordering
Relocatable symbols

   Definitions
      At line 271 in file RTE\Device\LPC1768\startup_LPC17xx.s
   Uses
      At line 101 in file RTE\Device\LPC1768\startup_LPC17xx.s
      At line 235 in file RTE\Device\LPC1768\startup_LPC17xx.s

UsageFault_Handler 00000066

Symbol: UsageFault_Handler
   Definitions
      At line 187 in file RTE\Device\LPC1768\startup_LPC17xx.s
   Uses
      At line 65 in file RTE\Device\LPC1768\startup_LPC17xx.s
      At line 188 in file RTE\Device\LPC1768\startup_LPC17xx.s

WDT_IRQHandler 00000070

Symbol: WDT_IRQHandler
   Definitions
      At line 247 in file RTE\Device\LPC1768\startup_LPC17xx.s
   Uses
      At line 77 in file RTE\Device\LPC1768\startup_LPC17xx.s
      At line 211 in file RTE\Device\LPC1768\startup_LPC17xx.s

__user_initial_stackheap 00000074

Symbol: __user_initial_stackheap
   Definitions
      At line 303 in file RTE\Device\LPC1768\startup_LPC17xx.s
   Uses
      At line 302 in file RTE\Device\LPC1768\startup_LPC17xx.s
Comment: __user_initial_stackheap used once
50 symbols



ARM Macro Assembler    Page 1 Alphabetic symbol ordering
Absolute symbols

Heap_Size 00000000

Symbol: Heap_Size
   Definitions
      At line 42 in file RTE\Device\LPC1768\startup_LPC17xx.s
   Uses
      At line 46 in file RTE\Device\LPC1768\startup_LPC17xx.s
      At line 307 in file RTE\Device\LPC1768\startup_LPC17xx.s

Stack_Size 00000200

Symbol: Stack_Size
   Definitions
      At line 31 in file RTE\Device\LPC1768\startup_LPC17xx.s
   Uses
      At line 34 in file RTE\Device\LPC1768\startup_LPC17xx.s
      At line 306 in file RTE\Device\LPC1768\startup_LPC17xx.s

2 symbols



ARM Macro Assembler    Page 1 Alphabetic symbol ordering
External symbols

__use_two_region_memory 00000000

Symbol: __use_two_region_memory
   Definitions
      At line 301 in file RTE\Device\LPC1768\startup_LPC17xx.s
   Uses
      None
Comment: __use_two_region_memory unused
1 symbol
410 symbols in table
